[2014/08/09 11:38:09 CDT] [TRAC] (github.com/hiphoox/goog.Connect:14) Starting connection...
[2014/08/09 12:20:35 CDT] [TRAC] (github.com/goog.Connect:13) Starting connection...
[2014/08/09 13:51:25 CDT] [TRAC] (github.com/goog.Connect:16) Starting connection...
[2014/08/09 13:52:13 CDT] [TRAC] (github.com/goog.Connect:16) Starting connection...
[2014/08/09 13:55:08 CDT] [TRAC] (github.com/goog.Connect:16) Starting connection...
[2014/08/09 14:04:16 CDT] [TRAC] (github.com/goog.Connect:16) Starting connection...
[2014/08/09 14:05:03 CDT] [TRAC] (github.com/goog.Connect:16) Starting connection...
[2014/08/09 14:05:17 CDT] [TRAC] (github.com/goog.Connect:16) Starting connection...
[2014/08/09 14:27:17 CDT] [TRAC] (github.com/hiphoox/goog.Connect:16) Starting connection...
[2014/08/09 14:37:40 CDT] [TRAC] (github.com/hiphoox/goog.Connect:16) Starting connection...
[2014/08/09 14:45:56 CDT] [TRAC] (github.com/hiphoox/goog.Connect:16) Starting connection...
[2014/08/09 14:48:35 CDT] [TRAC] (github.com/hiphoox/goog.Connect:16) Starting connection...
[2014/08/09 14:48:56 CDT] [TRAC] (github.com/hiphoox/goog.Connect:16) Starting connection...
[2014/08/09 16:18:15 CDT] [TRAC] (github.com/hiphoox/goog.Connect:16) Starting connection...
[2014/08/09 16:24:36 CDT] [TRAC] (github.com/hiphoox/goog.Connect:16) Starting connection...
[2014/08/09 16:53:40 CDT] [TRAC] (github.com/hiphoox/goog.Connect:17) Starting connection...
[2014/08/09 16:54:07 CDT] [TRAC] (github.com/hiphoox/goog.Connect:17) Starting connection...
[2014/08/09 18:53:13 CDT] [TRAC] (github.com/hiphoox/goog.Connect:20) Starting connection...
[2014/08/09 18:55:33 CDT] [TRAC] (github.com/hiphoox/goog.Connect:20) Inside Connect
[2014/08/09 18:55:33 CDT] [TRAC] (github.com/hiphoox/goog.Connect:27) Getting token...
[2014/08/10 09:32:38 CDT] [TRAC] (github.com/hiphoox/goog.Connect:20) Inside Connect
[2014/08/10 09:32:38 CDT] [TRAC] (github.com/hiphoox/goog.Connect:27) Getting token...
[2014/08/10 09:34:36 CDT] [TRAC] (github.com/hiphoox/goog.Connect:20) Inside Connect
[2014/08/10 09:34:36 CDT] [TRAC] (github.com/hiphoox/goog.Connect:27) Getting token...
[2014/08/10 09:57:59 CDT] [TRAC] (github.com/hiphoox/goog.Connect:20) Inside Connect
[2014/08/10 09:57:59 CDT] [TRAC] (github.com/hiphoox/goog.Connect:27) Getting token...
[2014/08/10 10:01:39 CDT] [TRAC] (github.com/hiphoox/goog.Connect:20) Inside Connect
[2014/08/10 10:01:39 CDT] [TRAC] (github.com/hiphoox/goog.Connect:27) Getting token...
[2014/08/10 10:02:08 CDT] [TRAC] (github.com/hiphoox/goog.Connect:20) Inside Connect
[2014/08/10 10:02:08 CDT] [TRAC] (github.com/hiphoox/goog.Connect:27) Getting token...
[2014/08/10 10:03:57 CDT] [TRAC] (github.com/hiphoox/goog.Connect:20) Inside Connect
[2014/08/10 10:03:57 CDT] [TRAC] (github.com/hiphoox/goog.Connect:27) Getting token...
[2014/08/10 10:04:09 CDT] [TRAC] (github.com/hiphoox/goog.Connect:20) Inside Connect
[2014/08/10 10:04:09 CDT] [TRAC] (github.com/hiphoox/goog.Connect:27) Getting token...
[2014/08/10 10:06:27 CDT] [TRAC] (github.com/hiphoox/goog.Connect:20) Inside Connect
[2014/08/10 10:06:27 CDT] [TRAC] (github.com/hiphoox/goog.Connect:27) Getting token...
[2014/08/10 10:11:43 CDT] [TRAC] (github.com/hiphoox/goog.Connect:20) Inside Connect
[2014/08/10 10:11:43 CDT] [TRAC] (github.com/hiphoox/goog.Connect:27) Getting token...
[2014/08/10 10:13:23 CDT] [TRAC] (github.com/hiphoox/goog.Connect:20) Inside Connect
[2014/08/10 10:13:23 CDT] [TRAC] (github.com/hiphoox/goog.Connect:27) Getting token...
[2014/08/10 10:13:23 CDT] [TRAC] (github.com/hiphoox/goog.Connect:35) Creating database structure...
[2014/08/10 10:18:28 CDT] [TRAC] (github.com/hiphoox/goog.Connect:20) Inside Connect
[2014/08/10 10:18:28 CDT] [TRAC] (github.com/hiphoox/goog.Connect:27) Getting token...
[2014/08/10 10:18:28 CDT] [TRAC] (github.com/hiphoox/goog.Connect:32) Creating database structure...
[2014/08/10 10:20:58 CDT] [TRAC] (github.com/hiphoox/goog.Connect:20) Inside Connect
[2014/08/10 10:20:58 CDT] [TRAC] (github.com/hiphoox/goog.Connect:27) Getting token...
[2014/08/10 10:20:58 CDT] [TRAC] (github.com/hiphoox/goog.Connect:32) Creating database structure...
[2014/08/10 10:21:55 CDT] [TRAC] (github.com/hiphoox/goog.Connect:20) Inside Connect
[2014/08/10 10:21:55 CDT] [TRAC] (github.com/hiphoox/goog.Connect:27) Getting token...
[2014/08/10 10:21:55 CDT] [TRAC] (github.com/hiphoox/goog.Connect:32) Creating database structure...
[2014/08/10 10:22:10 CDT] [TRAC] (github.com/hiphoox/goog.Connect:20) Inside Connect
[2014/08/10 10:22:10 CDT] [TRAC] (github.com/hiphoox/goog.Connect:27) Getting token...
[2014/08/10 10:22:10 CDT] [TRAC] (github.com/hiphoox/goog.Connect:32) Creating database structure...
[2014/08/10 10:30:44 CDT] [TRAC] (github.com/hiphoox/goog.Connect:20) Inside Connect
[2014/08/10 10:30:44 CDT] [TRAC] (github.com/hiphoox/goog.Connect:27) Getting token...
[2014/08/10 10:30:44 CDT] [TRAC] (github.com/hiphoox/goog.Connect:32) Creating database structure...
[2014/08/10 10:32:17 CDT] [TRAC] (github.com/hiphoox/goog.Connect:20) Inside Connect
[2014/08/10 10:32:17 CDT] [TRAC] (github.com/hiphoox/goog.Connect:27) Getting token...
[2014/08/10 10:32:17 CDT] [TRAC] (github.com/hiphoox/goog.Connect:32) Creating database structure...
[2014/08/10 10:41:59 CDT] [TRAC] (github.com/hiphoox/goog.Connect:20) Inside Connect
[2014/08/10 10:41:59 CDT] [TRAC] (github.com/hiphoox/goog.Connect:27) Getting token...
[2014/08/10 10:41:59 CDT] [TRAC] (github.com/hiphoox/goog.Connect:32) Creating database structure...
[2014/08/10 10:43:05 CDT] [TRAC] (github.com/hiphoox/goog.Connect:20) Inside Connect
[2014/08/10 10:43:05 CDT] [TRAC] (github.com/hiphoox/goog.Connect:27) Getting token...
[2014/08/10 10:43:05 CDT] [TRAC] (github.com/hiphoox/goog.Connect:32) Creating database structure...
[2014/08/10 10:43:05 CDT] [INFO] (github.com/hiphoox/goog.TestConnect:31) 
